# JRE version: Java(TM) SE Runtime Environment (8.0_202-b08) (build 1.8.0_202-b08)
# Java VM: Java HotSpot(TM) 64-Bit Server VM (25.202-b08 mixed mode windows-amd64 compressed oops)
Heap:
 PSYoungGen      total 158208K, used 129022K [0x00000000f5580000, 0x00000000ffe80000, 0x0000000100000000)
  eden space 144384K, 84% used [0x00000000f5580000,0x00000000fcc056e0,0x00000000fe280000)
  from space 13824K, 55% used [0x00000000ff100000,0x00000000ff87a2e8,0x00000000ffe80000)
  to   space 14336K, 0% used [0x00000000fe280000,0x00000000fe280000,0x00000000ff080000)
 ParOldGen       total 197120K, used 58517K [0x00000000e0000000, 0x00000000ec080000, 0x00000000f5580000)
  object space 197120K, 29% used [0x00000000e0000000,0x00000000e3925400,0x00000000ec080000)
 Metaspace       used 74908K, capacity 79730K, committed 79832K, reserved 1118208K
  class space    used 10047K, capacity 10917K, committed 11008K, reserved 1048576K
GC Heap History (10 events):
Event: 163.064 GC heap before
{Heap before GC invocations=29 (full 3):
 PSYoungGen      total 155648K, used 142112K [0x00000000f5580000, 0x0000000100000000, 0x0000000100000000)
  eden space 139264K, 100% used [0x00000000f5580000,0x00000000fdd80000,0x00000000fdd80000)
  from space 16384K, 17% used [0x00000000fdd80000,0x00000000fe048040,0x00000000fed80000)
  to   space 16384K, 0% used [0x00000000ff000000,0x00000000ff000000,0x0000000100000000)
 ParOldGen       total 197120K, used 47332K [0x00000000e0000000, 0x00000000ec080000, 0x00000000f5580000)
  object space 197120K, 24% used [0x00000000e0000000,0x00000000e2e390f8,0x00000000ec080000)
 Metaspace       used 66923K, capacity 71246K, committed 71384K, reserved 1110016K
  class space    used 9140K, capacity 9934K, committed 9984K, reserved 1048576K
Event: 163.081 GC heap after
Heap after GC invocations=29 (full 3):
 PSYoungGen      total 157184K, used 6048K [0x00000000f5580000, 0x00000000fff00000, 0x0000000100000000)
  eden space 141824K, 0% used [0x00000000f5580000,0x00000000f5580000,0x00000000fe000000)
  from space 15360K, 39% used [0x00000000ff000000,0x00000000ff5e8000,0x00000000fff00000)
  to   space 15872K, 0% used [0x00000000fe000000,0x00000000fe000000,0x00000000fef80000)
 ParOldGen       total 197120K, used 49885K [0x00000000e0000000, 0x00000000ec080000, 0x00000000f5580000)
  object space 197120K, 25% used [0x00000000e0000000,0x00000000e30b74a8,0x00000000ec080000)
 Metaspace       used 66923K, capacity 71246K, committed 71384K, reserved 1110016K
  class space    used 9140K, capacity 9934K, committed 9984K, reserved 1048576K
}
Event: 170.476 GC heap before
{Heap before GC invocations=30 (full 3):
 PSYoungGen      total 157184K, used 147872K [0x00000000f5580000, 0x00000000fff00000, 0x0000000100000000)
  eden space 141824K, 100% used [0x00000000f5580000,0x00000000fe000000,0x00000000fe000000)
  from space 15360K, 39% used [0x00000000ff000000,0x00000000ff5e8000,0x00000000fff00000)
  to   space 15872K, 0% used [0x00000000fe000000,0x00000000fe000000,0x00000000fef80000)
 ParOldGen       total 197120K, used 49885K [0x00000000e0000000, 0x00000000ec080000, 0x00000000f5580000)
  object space 197120K, 25% used [0x00000000e0000000,0x00000000e30b74a8,0x00000000ec080000)
 Metaspace       used 67476K, capacity 71976K, committed 72280K, reserved 1112064K
  class space    used 9206K, capacity 10037K, committed 10112K, reserved 1048576K
Event: 170.495 GC heap after
Heap after GC invocations=30 (full 3):
 PSYoungGen      total 157696K, used 2240K [0x00000000f5580000, 0x0000000100000000, 0x0000000100000000)
  eden space 141824K, 0% used [0x00000000f5580000,0x00000000f5580000,0x00000000fe000000)
  from space 15872K, 14% used [0x00000000fe000000,0x00000000fe230000,0x00000000fef80000)
  to   space 15872K, 0% used [0x00000000ff080000,0x00000000ff080000,0x0000000100000000)
 ParOldGen       total 197120K, used 55278K [0x00000000e0000000, 0x00000000ec080000, 0x00000000f5580000)
  object space 197120K, 28% used [0x00000000e0000000,0x00000000e35fb858,0x00000000ec080000)
 Metaspace       used 67476K, capacity 71976K, committed 72280K, reserved 1112064K
  class space    used 9206K, capacity 10037K, committed 10112K, reserved 1048576K
}
Event: 186.925 GC heap before
{Heap before GC invocations=31 (full 3):
 PSYoungGen      total 157696K, used 144064K [0x00000000f5580000, 0x0000000100000000, 0x0000000100000000)
  eden space 141824K, 100% used [0x00000000f5580000,0x00000000fe000000,0x00000000fe000000)
  from space 15872K, 14% used [0x00000000fe000000,0x00000000fe230000,0x00000000fef80000)
  to   space 15872K, 0% used [0x00000000ff080000,0x00000000ff080000,0x0000000100000000)
 ParOldGen       total 197120K, used 55278K [0x00000000e0000000, 0x00000000ec080000, 0x00000000f5580000)
  object space 197120K, 28% used [0x00000000e0000000,0x00000000e35fb858,0x00000000ec080000)
 Metaspace       used 67818K, capacity 72374K, committed 72536K, reserved 1112064K
  class space    used 9210K, capacity 10038K, committed 10112K, reserved 1048576K
Event: 186.934 GC heap after
Heap after GC invocations=31 (full 3):
 PSYoungGen      total 157696K, used 2035K [0x00000000f5580000, 0x00000000fff00000, 0x0000000100000000)
  eden space 142848K, 0% used [0x00000000f5580000,0x00000000f5580000,0x00000000fe100000)
  from space 14848K, 13% used [0x00000000ff080000,0x00000000ff27cf50,0x00000000fff00000)
  to   space 15360K, 0% used [0x00000000fe100000,0x00000000fe100000,0x00000000ff000000)
 ParOldGen       total 197120K, used 57114K [0x00000000e0000000, 0x00000000ec080000, 0x00000000f5580000)
  object space 197120K, 28% used [0x00000000e0000000,0x00000000e37c6b38,0x00000000ec080000)
 Metaspace       used 67818K, capacity 72374K, committed 72536K, reserved 1112064K
  class space    used 9210K, capacity 10038K, committed 10112K, reserved 1048576K
}
Event: 199.771 GC heap before
{Heap before GC invocations=32 (full 3):
 PSYoungGen      total 157696K, used 144883K [0x00000000f5580000, 0x00000000fff00000, 0x0000000100000000)
  eden space 142848K, 100% used [0x00000000f5580000,0x00000000fe100000,0x00000000fe100000)
  from space 14848K, 13% used [0x00000000ff080000,0x00000000ff27cf50,0x00000000fff00000)
  to   space 15360K, 0% used [0x00000000fe100000,0x00000000fe100000,0x00000000ff000000)
 ParOldGen       total 197120K, used 57114K [0x00000000e0000000, 0x00000000ec080000, 0x00000000f5580000)
  object space 197120K, 28% used [0x00000000e0000000,0x00000000e37c6b38,0x00000000ec080000)
 Metaspace       used 68827K, capacity 73430K, committed 73688K, reserved 1112064K
  class space    used 9333K, capacity 10176K, committed 10240K, reserved 1048576K
Event: 199.784 GC heap after
Heap after GC invocations=32 (full 3):
 PSYoungGen      total 158208K, used 5980K [0x00000000f5580000, 0x00000000fff80000, 0x0000000100000000)
  eden space 142848K, 0% used [0x00000000f5580000,0x00000000f5580000,0x00000000fe100000)
  from space 15360K, 38% used [0x00000000fe100000,0x00000000fe6d7180,0x00000000ff000000)
  to   space 14848K, 0% used [0x00000000ff100000,0x00000000ff100000,0x00000000fff80000)
 ParOldGen       total 197120K, used 58509K [0x00000000e0000000, 0x00000000ec080000, 0x00000000f5580000)
  object space 197120K, 29% used [0x00000000e0000000,0x00000000e3923400,0x00000000ec080000)
 Metaspace       used 68827K, capacity 73430K, committed 73688K, reserved 1112064K
  class space    used 9333K, capacity 10176K, committed 10240K, reserved 1048576K
}
Event: 232.954 GC heap before
{Heap before GC invocations=33 (full 3):
 PSYoungGen      total 158208K, used 148828K [0x00000000f5580000, 0x00000000fff80000, 0x0000000100000000)
  eden space 142848K, 100% used [0x00000000f5580000,0x00000000fe100000,0x00000000fe100000)
  from space 15360K, 38% used [0x00000000fe100000,0x00000000fe6d7180,0x00000000ff000000)
  to   space 14848K, 0% used [0x00000000ff100000,0x00000000ff100000,0x00000000fff80000)
 ParOldGen       total 197120K, used 58509K [0x00000000e0000000, 0x00000000ec080000, 0x00000000f5580000)
  object space 197120K, 29% used [0x00000000e0000000,0x00000000e3923400,0x00000000ec080000)
 Metaspace       used 69108K, capacity 73654K, committed 73688K, reserved 1112064K
  class space    used 9346K, capacity 10208K, committed 10240K, reserved 1048576K
Event: 232.965 GC heap after
Heap after GC invocations=33 (full 3):
 PSYoungGen      total 158208K, used 7656K [0x00000000f5580000, 0x00000000ffe80000, 0x0000000100000000)
  eden space 144384K, 0% used [0x00000000f5580000,0x00000000f5580000,0x00000000fe280000)
  from space 13824K, 55% used [0x00000000ff100000,0x00000000ff87a2e8,0x00000000ffe80000)
  to   space 14336K, 0% used [0x00000000fe280000,0x00000000fe280000,0x00000000ff080000)
 ParOldGen       total 197120K, used 58517K [0x00000000e0000000, 0x00000000ec080000, 0x00000000f5580000)
  object space 197120K, 29% used [0x00000000e0000000,0x00000000e3925400,0x00000000ec080000)
 Metaspace       used 69108K, capacity 73654K, committed 73688K, reserved 1112064K
  class space    used 9346K, capacity 10208K, committed 10240K, reserved 1048576K
}

